<?xml version="1.0" encoding="UTF-8"?>
<!-- Generated by org.testng.reporters.JUnitXMLReporter -->
<testsuite ignored="4" hostname="SONY-PC" failures="0" tests="4" name="Test" time="85.2" errors="0" timestamp="2021-11-17T11:27:28 IST">
  <testcase classname="com.ebanking.master.RoleNG" name="Role" time="12.188"/>
  <testcase classname="com.ebanking.master.RoleNG" name="Role" time="16.488"/>
  <testcase classname="com.ebanking.master.RoleNG" name="Role" time="15.939"/>
  <testcase classname="com.ebanking.master.BranchNG" name="Branch" time="27.864"/>
  <testcase classname="com.ebanking.master.Base" name="@BeforeTest login" time="0.0">
    <ignored/>
  </testcase> <!-- @BeforeTest login -->
  <testcase classname="com.ebanking.master.Base" name="@AfterSuite close_Browser" time="0.0">
    <ignored/>
  </testcase> <!-- @AfterSuite close_Browser -->
  <testcase classname="com.ebanking.master.Base" name="@BeforeSuite launch_browser" time="0.0">
    <ignored/>
  </testcase> <!-- @BeforeSuite launch_browser -->
  <testcase classname="com.ebanking.master.Base" name="@AfterTest logout" time="0.0">
    <ignored/>
  </testcase> <!-- @AfterTest logout -->
</testsuite> <!-- Test -->
