<?xml version="1.0" encoding="UTF-8"?>
<testng-results ignored="0" total="1" passed="1" failed="0" skipped="0">
  <reporter-output>
  </reporter-output>
  <suite started-at="2021-11-20T13:51:54 IST" name="Default suite" finished-at="2021-11-20T13:52:15 IST" duration-ms="20973">
    <groups>
    </groups>
    <test started-at="2021-11-20T13:51:54 IST" name="Default test" finished-at="2021-11-20T13:52:15 IST" duration-ms="20973">
      <class name="com.ebanking.master.ExcelPOM">
        <test-method is-config="true" signature="login()[pri:0, instance:com.ebanking.master.ExcelPOM@1a942c18]" started-at="2021-11-20T13:51:54 IST" name="login" finished-at="2021-11-20T13:52:03 IST" duration-ms="9103" status="PASS">
          <reporter-output>
          </reporter-output>
        </test-method> <!-- login -->
        <test-method signature="RoleC()[pri:0, instance:com.ebanking.master.ExcelPOM@1a942c18]" started-at="2021-11-20T13:52:03 IST" name="RoleC" finished-at="2021-11-20T13:52:15 IST" duration-ms="11815" status="PASS">
          <reporter-output>
          </reporter-output>
        </test-method> <!-- RoleC -->
      </class> <!-- com.ebanking.master.ExcelPOM -->
    </test> <!-- Default test -->
  </suite> <!-- Default suite -->
</testng-results>
